2019.11.20 19:10:05
Имя: значение не указано
Телефон: 103
Адрес страницы: http://lp.local/

2019.11.20 19:21:01
Имя: 123
Телефон: 123
Адрес страницы: http://lp.local/

2019.11.20 19:22:00
Имя1: qweqwe
Телефон: qwe
Адрес страницы: http://lp.local/

2019.11.20 19:22:33
Имя: 123
Телефон: 123
Адрес страницы: http://lp.local/

2019.11.20 19:24:51
Имя: 123
Телефон: 123
Дополнительная информация: Услуга 4
Адрес страницы: http://lp.local/

2019.11.20 19:32:18
Имя: значение не указано
Телефон: 103
Почта: значение не указано
Сообщение: значение не указано
Адрес страницы: http://lp.local/

2019.11.20 19:39:33
Имя: значение не указано
Телефон: qweqwe
Почта: значение не указано
Сообщение: значение не указано
Адрес страницы: http://lp.local/

2019.11.20 19:39:43
Имя: значение не указано
Телефон: 213
Почта: значение не указано
Сообщение: значение не указано
Адрес страницы: http://lp.local/

2019.11.20 20:40:51
Имя: значение не указано
Телефон: 12e
Почта: значение не указано
Сообщение: значение не указано
Адрес страницы: http://lp.local/

2019.11.20 20:40:55
Имя: значение не указано
Телефон: 21e
Дополнительная информация: Услуга 1
Адрес страницы: http://lp.local/

2019.12.09 15:01:05
Имя: seg
Телефон: +375291155142
Почта: sdff@sdkgjhl
Сообщение: sdgs
Адрес страницы: http://balloons.local/contacts

2019.12.10 11:57:27
Имя: Инесса
Телефон: +375 29 1155142
Почта: sd@sdlfh
Сообщение: dgkh
Адрес страницы: http://balloons.local/prices

2019.12.10 12:21:04
Имя: sdgs
Телефон: dgggs
Дополнительная информация: День рождения
Адрес страницы: http://balloons.local/services

